Determining if the pthread_create exist failed with the following output:
Change Dir: /home/leon/Desktop/robot_rviz_simulation/build/CMakeFiles/CMakeTmp

Run Build Command:"/usr/bin/make" "cmTC_03254/fast"
/usr/bin/make -f CMakeFiles/cmTC_03254.dir/build.make CMakeFiles/cmTC_03254.dir/build
make[1]: Entering directory '/home/leon/Desktop/robot_rviz_simulation/build/CMakeFiles/CMakeTmp'
Building C object CMakeFiles/cmTC_03254.dir/CheckSymbolExists.c.o
/usr/bin/cc     -o CMakeFiles/cmTC_03254.dir/CheckSymbolExists.c.o   -c /home/leon/Desktop/robot_rviz_simulation/build/CMakeFiles/CMakeTmp/CheckSymbolExists.c
Linking C executable cmTC_03254
/usr/bin/cmake -E cmake_link_script CMakeFiles/cmTC_03254.dir/link.txt --verbose=1
/usr/bin/cc       CMakeFiles/cmTC_03254.dir/CheckSymbolExists.c.o  -o cmTC_03254 -rdynamic 
CMakeFiles/cmTC_03254.dir/CheckSymbolExists.c.o: In function `main':
CheckSymbolExists.c:(.text+0x16): undefined reference to `pthread_create'
collect2: error: ld returned 1 exit status
CMakeFiles/cmTC_03254.dir/build.make:97: recipe for target 'cmTC_03254' failed
make[1]: *** [cmTC_03254] Error 1
make[1]: Leaving directory '/home/leon/Desktop/robot_rviz_simulation/build/CMakeFiles/CMakeTmp'
Makefile:126: recipe for target 'cmTC_03254/fast' failed
make: *** [cmTC_03254/fast] Error 2

File /home/leon/Desktop/robot_rviz_simulation/build/CMakeFiles/CMakeTmp/CheckSymbolExists.c:
/* */
#include <pthread.h>

int main(int argc, char** argv)
{
  (void)argv;
#ifndef pthread_create
  return ((int*)(&pthread_create))[argc];
#else
  (void)argc;
  return 0;
#endif
}

Determining if the function pthread_create exists in the pthreads failed with the following output:
Change Dir: /home/leon/Desktop/robot_rviz_simulation/build/CMakeFiles/CMakeTmp

Run Build Command:"/usr/bin/make" "cmTC_8b52c/fast"
/usr/bin/make -f CMakeFiles/cmTC_8b52c.dir/build.make CMakeFiles/cmTC_8b52c.dir/build
make[1]: Entering directory '/home/leon/Desktop/robot_rviz_simulation/build/CMakeFiles/CMakeTmp'
Building C object CMakeFiles/cmTC_8b52c.dir/CheckFunctionExists.c.o
/usr/bin/cc    -DCHECK_FUNCTION_EXISTS=pthread_create   -o CMakeFiles/cmTC_8b52c.dir/CheckFunctionExists.c.o   -c /usr/share/cmake-3.5/Modules/CheckFunctionExists.c
Linking C executable cmTC_8b52c
/usr/bin/cmake -E cmake_link_script CMakeFiles/cmTC_8b52c.dir/link.txt --verbose=1
/usr/bin/cc   -DCHECK_FUNCTION_EXISTS=pthread_create    CMakeFiles/cmTC_8b52c.dir/CheckFunctionExists.c.o  -o cmTC_8b52c -rdynamic -lpthreads 
/usr/bin/ld: cannot find -lpthreads
collect2: error: ld returned 1 exit status
CMakeFiles/cmTC_8b52c.dir/build.make:97: recipe for target 'cmTC_8b52c' failed
make[1]: *** [cmTC_8b52c] Error 1
make[1]: Leaving directory '/home/leon/Desktop/robot_rviz_simulation/build/CMakeFiles/CMakeTmp'
Makefile:126: recipe for target 'cmTC_8b52c/fast' failed
make: *** [cmTC_8b52c/fast] Error 2


